<?xml version="1.0" encoding="UTF-8"?>
<!-- Generated by org.testng.reporters.JUnitReportReporter -->
<testsuite hostname="kemas" failures="0" tests="1" name="sample.Assert_True_Example" time="0.002" errors="0" timestamp="2021-11-27T21:19:06 IST" skipped="0">
  <testcase classname="sample.Assert_True_Example" name="testBeforeclass_Example" time="0.002"/>
  <system-out/>
</testsuite> <!-- sample.Assert_True_Example -->
