<?xml version="1.0" encoding="UTF-8"?>
<!-- Generated by org.testng.reporters.JUnitReportReporter -->
<testsuite hostname="kemas" failures="0" tests="1" name="sample.Annotation_All_Example" time="0.008" errors="0" timestamp="2021-11-27T21:19:06 IST" skipped="0">
  <testcase classname="sample.Annotation_All_Example" name="testAnnotation_All_Example" time="0.008"/>
  <system-out/>
</testsuite> <!-- sample.Annotation_All_Example -->
