<?xml version="1.0" encoding="UTF-8"?>
<!-- Generated by org.testng.reporters.JUnitReportReporter -->
<testsuite hostname="kemas" failures="0" tests="2" name="sample.Beforeclass_Example" time="0.005" errors="0" timestamp="2021-11-27T21:19:06 IST" skipped="0">
  <testcase classname="sample.Beforeclass_Example" name="testBeforeclass_Example" time="0.003"/>
  <system-out/>
  <testcase classname="sample.Beforeclass_Example" name="testBeforeMethod_Example1" time="0.002"/>
  <system-out/>
</testsuite> <!-- sample.Beforeclass_Example -->
