<?xml version="1.0" encoding="UTF-8"?>
<!-- Generated by org.testng.reporters.JUnitReportReporter -->
<testsuite hostname="kemas" failures="0" tests="2" name="sample.BeforeMethod_Example2" time="0.009" errors="0" timestamp="2021-11-27T21:19:06 IST" skipped="0">
  <testcase classname="sample.BeforeMethod_Example2" name="testBeforeMethod_Example2" time="0.003"/>
  <system-out/>
  <testcase classname="sample.BeforeMethod_Example2" name="testBeforeMethod_Example1" time="0.006"/>
  <system-out/>
</testsuite> <!-- sample.BeforeMethod_Example2 -->
